app/build/outputs/mapping/debug/seeds.txt
cn.jzvd.demo.CustomJzvd.JzvdStdTinyWindow
cn.jzvd.demo.ActivityApiOrientation
cn.jzvd.demo.CustomMedia.JZMediaIjk
cn.jzvd.demo.ActivityListViewRecyclerView
cn.jzvd.demo.ActivityListView
cn.jzvd.demo.CustomJzvd.JzvdStdSpeed
cn.jzvd.demo.CustomMedia.JZMediaSystemAssertFolder
cn.jzvd.demo.CustomJzvd.JzvdStdShowTitleAfterFullscreen
cn.jzvd.demo.ActivityApiRotationVideoSize
cn.jzvd.demo.ActivityListViewMultiHolder
cn.jzvd.demo.CustomJzvd.MyJzvdStd
cn.jzvd.demo.ActivityTinyWindow
cn.jzvd.demo.ActivityTinyWindowRecycleViewMultiHolder
cn.jzvd.demo.ActivityApiUISmallChange
cn.jzvd.demo.ActivityTinyWindowRecycleView
cn.jzvd.demo.ActivityApiCustomMedia
cn.jzvd.demo.CustomJzvd.JzvdStdMp3
cn.jzvd.demo.CustomJzvd.JzvdStdShowTextureViewAfterAutoComplete
cn.jzvd.demo.ActivityListViewFragmentViewPager
cn.jzvd.demo.ApplicationDemo
cn.jzvd.demo.ActivityMain
cn.jzvd.demo.CustomJzvd.JzvdStdAutoCompleteAfterFullscreen
cn.jzvd.demo.ActivityWebView
cn.jzvd.demo.ActivityApiExtendsNormal
cn.jzvd.demo.ActivityListViewNormal
cn.jzvd.demo.ActivityDirectPlay
cn.jzvd.demo.ActivityApi
cn.jzvd.demo.CustomJzvd.JzvdStdVolumeAfterFullscreen
cn.jzvd.demo.CustomJzvd.JzvdStdShowShareButtonAfterFullscreen
cn.jzvd.demo.ActivityApiUIBigChange
cn.jzvd.demo.AdapterListView$ViewHolder: cn.jzvd.demo.AdapterListView this$0
cn.jzvd.demo.ActivityListViewMultiHolder$VideoListAdapter: android.content.Context context
cn.jzvd.demo.ActivityTinyWindow: cn.jzvd.demo.CustomJzvd.JzvdStdTinyWindow jzvdStdTinyWindow
cn.jzvd.demo.ActivityListViewMultiHolder: android.widget.ListView listView
cn.jzvd.demo.ApplicationDemo: com.danikula.videocache.HttpProxyCacheServer proxy
cn.jzvd.demo.CustomMedia.JZMediaExo: java.lang.String TAG
cn.jzvd.demo.ActivityApiUISmallChange: cn.jzvd.demo.CustomJzvd.JzvdStdAutoCompleteAfterFullscreen jzvdStdAutoCompleteAfterFullscreen
cn.jzvd.demo.CustomMedia.JZMediaExo: java.lang.Runnable callback
cn.jzvd.demo.ActivityListViewMultiHolder$VideoListAdapter$VideoHolder: cn.jzvd.demo.ActivityListViewMultiHolder$VideoListAdapter this$1
cn.jzvd.demo.CustomJzvd.JzvdStdSpeed: android.widget.TextView tvSpeed
cn.jzvd.demo.ActivityListViewNormal$1: cn.jzvd.demo.ActivityListViewNormal this$0
cn.jzvd.demo.AdapterListView: android.content.Context context
cn.jzvd.demo.ActivityListViewNormal: android.hardware.SensorManager sensorManager
cn.jzvd.demo.ActivityListViewRecyclerView: cn.jzvd.demo.AdapterRecyclerView adapterVideoList
cn.jzvd.demo.ActivityListViewRecyclerView$1: cn.jzvd.demo.ActivityListViewRecyclerView this$0
cn.jzvd.demo.ActivityApiRotationVideoSize: cn.jzvd.JzvdStd myJzvdStd
cn.jzvd.demo.AdapterListView: java.lang.String[] videoTitles
cn.jzvd.demo.ActivityTinyWindowRecycleViewMultiHolder: cn.jzvd.demo.ActivityTinyWindowRecycleViewMultiHolder$AdapterRecyclerView videoAdapter
cn.jzvd.demo.VideoConstant: java.lang.String[][] videoTitles
cn.jzvd.demo.ActivityWebView$JZCallBack: cn.jzvd.demo.ActivityWebView this$0
cn.jzvd.demo.ActivityApi: cn.jzvd.JzvdStd mJzvdStd
cn.jzvd.demo.ActivityListViewNormal: cn.jzvd.Jzvd$JZAutoFullscreenListener sensorEventListener
cn.jzvd.demo.CustomJzvd.JzvdStdShowShareButtonAfterFullscreen: android.widget.ImageView shareButton
cn.jzvd.demo.AdapterRecyclerViewTiny: int[] videoIndexs
cn.jzvd.demo.CustomJzvd.JzvdStdSpeed: int currentSpeedIndex
cn.jzvd.demo.AdapterListView: java.lang.String[] videoThumbs
cn.jzvd.demo.VideoConstant: java.lang.String[] videoThumbList
cn.jzvd.demo.VideoConstant: java.lang.String[] videoUrlList
cn.jzvd.demo.AdapterListView$ViewHolder: cn.jzvd.JzvdStd jzvdStd
cn.jzvd.demo.ActivityListViewFragmentViewPager$MyAdapter: cn.jzvd.demo.ActivityListViewFragmentViewPager this$0
cn.jzvd.demo.AdapterRecyclerView: int[] videoIndexs
cn.jzvd.demo.ActivityListViewMultiHolder$VideoListAdapter: cn.jzvd.demo.ActivityListViewMultiHolder this$0
cn.jzvd.demo.ActivityListViewFragmentViewPager: java.util.List fragmentList
cn.jzvd.demo.ActivityListViewMultiHolder: cn.jzvd.demo.ActivityListViewMultiHolder$VideoListAdapter mAdapter
...
com.google.android.exoplayer2.source.MediaSourceEventListener$EventDispatcher: void loadError(com.google.android.exoplayer2.upstream.DataSpec,android.net.Uri,java.util.Map,int,int,com.google.android.exoplayer2.Format,int,java.lang.Object,long,long,long,long,long,java.io.IOException,boolean)
com.google.android.exoplayer2.drm.ErrorStateDrmSession: java.util.Map queryKeyStatus()
com.google.android.exoplayer2.extractor.ts.H265Reader$SampleReader: void outputSample(int)
androidx.arch.core.executor.ArchTaskExecutor: void executeOnDiskIO(java.lang.Runnable)
com.bumptech.glide.Registry$MissingComponentException: Registry$MissingComponentException(java.lang.String)
com.google.android.exoplayer2.trackselection.DefaultTrackSelector: com.google.android.exoplayer2.trackselection.TrackSelection$Definition[] selectAllTracks(com.google.android.exoplayer2.trackselection.MappingTrackSelector$MappedTrackInfo,int[][][],int[],com.google.android.exoplayer2.trackselection.DefaultTrackSelector$Parameters)
com.google.android.exoplayer2.extractor.mkv.MatroskaExtractor: void readScratch(com.google.android.exoplayer2.extractor.ExtractorInput,int)
com.bumptech.glide.load.engine.Engine$EngineJobFactory$1: Engine$EngineJobFactory$1(com.bumptech.glide.load.engine.Engine$EngineJobFactory)
androidx.recyclerview.widget.StaggeredGridLayoutManager: void measureChildWithDecorationsAndMargin(android.view.View,androidx.recyclerview.widget.StaggeredGridLayoutManager$LayoutParams,boolean)
androidx.appcompat.view.menu.ActionMenuItemView: boolean hasText()
com.google.android.exoplayer2.source.SampleDataQueue: void sampleData(com.google.android.exoplayer2.util.ParsableByteArray,int)
androidx.fragment.app.Fragment: android.view.View requireView()
com.google.android.exoplayer2.source.hls.WebvttExtractor: <clinit>()
com.google.android.exoplayer2.mediacodec.MediaCodecRenderer: void onStarted()
com.google.android.exoplayer2.source.hls.playlist.HlsPlaylistParser: int skipIgnorableWhitespace(java.io.BufferedReader,boolean,int)
androidx.recyclerview.widget.RecyclerView: androidx.recyclerview.widget.RecyclerView$OnFlingListener getOnFlingListener()
androidx.appcompat.view.menu.MenuItemWrapperICS: int getNumericModifiers()
com.google.android.exoplayer2.ExoPlayerImplInternal: void onPlaybackParametersChanged(com.google.android.exoplayer2.PlaybackParameters)
androidx.recyclerview.widget.StaggeredGridLayoutManager: void fixStartGap(androidx.recyclerview.widget.RecyclerView$Recycler,androidx.recyclerview.widget.RecyclerView$State,boolean)
com.bumptech.glide.Glide: com.bumptech.glide.RequestManager with(android.app.Activity)
android.support.v4.media.MediaDescriptionCompatApi21$Builder: java.lang.Object newInstance()
androidx.fragment.app.Fragment$1: void run()
androidx.recyclerview.widget.RecyclerView$LayoutManager: boolean canScrollHorizontally()
androidx.appcompat.widget.AppCompatAutoCompleteTextView: android.graphics.PorterDuff$Mode getSupportBackgroundTintMode()
com.google.android.exoplayer2.util.ParsableNalUnitBitArray: int readBits(int)
androidx.appcompat.view.menu.MenuPopupHelper: MenuPopupHelper(android.content.Context,androidx.appcompat.view.menu.MenuBuilder,android.view.View,boolean,int)
com.google.android.exoplayer2.audio.MediaCodecAudioRenderer: void onAudioSessionId(int)
com.bumptech.glide.load.resource.bitmap.BitmapResource: void initialize()
com.google.android.exoplayer2.SimpleExoPlayer: void setVolume(float)
androidx.appcompat.view.StandaloneActionMode: android.view.Menu getMenu()
androidx.appcompat.widget.AppCompatSpinner$DropDownAdapter: int getCount()
cn.jzvd.Jzvd: void goOnPlayOnResume()
tv.danmaku.ijk.media.player.ISurfaceTextureHolder: void setSurfaceTexture(android.graphics.SurfaceTexture)
androidx.fragment.app.Fragment: Fragment()
com.danikula.videocache.file.FileCache: void complete()
tv.danmaku.ijk.media.player.MediaPlayerProxy: void setOnCompletionListener(tv.danmaku.ijk.media.player.IMediaPlayer$OnCompletionListener)