app/build/outputs/mapping/debug/mapping.txt
# compiler: R8
# compiler_version: 2.2.66
# min_api: 16
# pg_map_id: 598fe47
# common_typos_disable
cn.jzvd.demo.-$$Lambda$ActivityWebView$JZCallBack$y9-1o-pK-m5bK9xZjZd0ydznrv0 -> cn.jzvd.demo.a:
# {"id":"sourceFile","fileName":"lambda"}
    cn.jzvd.demo.ActivityWebView$JZCallBack f$0 -> b
    int f$4 -> f
    int f$5 -> g
    int f$2 -> d
    int f$3 -> e
    int f$1 -> c
cn.jzvd.demo.ActivityApi -> cn.jzvd.demo.ActivityApi:
    cn.jzvd.Jzvd$JZAutoFullscreenListener mSensorEventListener -> u
    cn.jzvd.JzvdStd mJzvdStd -> t
    android.hardware.SensorManager mSensorManager -> v
    32:32:void <init>() -> <init>
    148:150:void clickBigChange(android.view.View) -> clickBigChange
    166:167:void clickCustomMediaPlayer(android.view.View) -> clickCustomMediaPlayer
    158:159:void clickExtendsNormalActivity(android.view.View) -> clickExtendsNormalActivity
    153:155:void clickOrientation(android.view.View) -> clickOrientation
    170:171:void clickPreloading(android.view.View) -> clickPreloading
    162:163:void clickRotationAndVideoSize(android.view.View) -> clickRotationAndVideoSize
    144:145:void clickSmallChange(android.view.View) -> clickSmallChange
    91:95:void onBackPressed() -> onBackPressed
    39:69:void onCreate(android.os.Bundle) -> onCreate
    99:104:boolean onOptionsItemSelected(android.view.MenuItem) -> onOptionsItemSelected
    82:87:void onPause() -> onPause
    73:78:void onResume() -> onResume
cn.jzvd.demo.ActivityApiCustomMedia -> cn.jzvd.demo.ActivityApiCustomMedia:
    android.os.Handler handler -> u
    cn.jzvd.JzvdStd jzvdStd -> t
    28:30:void <init>() -> <init>
    81:86:void clickChangeToExo(android.view.View) -> clickChangeToExo
    65:70:void clickChangeToIjkplayer(android.view.View) -> clickChangeToIjkplayer
    73:78:void clickChangeToSystem(android.view.View) -> clickChangeToSystem
    91:95:void onBackPressed() -> onBackPressed
    34:61:void onCreate(android.os.Bundle) -> onCreate
    105:110:boolean onOptionsItemSelected(android.view.MenuItem) -> onOptionsItemSelected
    99:101:void onPause() -> onPause
cn.jzvd.demo.ActivityApiExtendsNormal -> cn.jzvd.demo.ActivityApiExtendsNormal:
    15:15:void <init>() -> <init>
    31:35:void onBackPressed() -> onBackPressed
    19:27:void onCreate(android.os.Bundle) -> onCreate
    39:41:void onPause() -> onPause
cn.jzvd.demo.ActivityApiOrientation -> cn.jzvd.demo.ActivityApiOrientation:
    cn.jzvd.JzvdStd mJzvdStd -> t
    18:18:void <init>() -> <init>
    47:51:void onBackPressed() -> onBackPressed
    23:36:void onCreate(android.os.Bundle) -> onCreate
    65:70:boolean onOptionsItemSelected(android.view.MenuItem) -> onOptionsItemSelected
    55:61:void onPause() -> onPause
    40:43:void onResume() -> onResume
cn.jzvd.demo.ActivityApiRotationVideoSize -> cn.jzvd.demo.ActivityApiRotationVideoSize:
    cn.jzvd.JzvdStd myJzvdStd -> t
    19:19:void <init>() -> <init>
    70:71:void clickRotationTo0(android.view.View) -> clickRotationTo0
    78:79:void clickRotationTo180(android.view.View) -> clickRotationTo180
    82:83:void clickRotationTo270(android.view.View) -> clickRotationTo270
    74:75:void clickRotationTo90(android.view.View) -> clickRotationTo90
    86:87:void clickVideoImageDiaplayAdapter(android.view.View) -> clickVideoImageDiaplayAdapter
    98:99:void clickVideoImageDiaplayOriginal(android.view.View) -> clickVideoImageDiaplayOriginal
    94:95:void clickVideoImageDisplayFillCrop(android.view.View) -> clickVideoImageDisplayFillCrop
    90:91:void clickVideoImageDisplayFillParent(android.view.View) -> clickVideoImageDisplayFillParent
    53:57:void onBackPressed() -> onBackPressed
    25:41:void onCreate(android.os.Bundle) -> onCreate
    61:66:boolean onOptionsItemSelected(android.view.MenuItem) -> onOptionsItemSelected
    46:49:void onPause() -> onPause
...
androidx.appcompat.widget.AppCompatImageHelper -> androidx.appcompat.widget.n:
    androidx.appcompat.widget.TintInfo mTmpInfo -> d
    android.widget.ImageView mView -> a
    androidx.appcompat.widget.TintInfo mInternalImageTint -> b
    androidx.appcompat.widget.TintInfo mImageTint -> c
    47:49:void <init>(android.widget.ImageView) -> <init>
    200:222:boolean applyFrameworkTintUsingColorFilter(android.graphics.drawable.Drawable) -> a
    141:162:void applySupportImageTint() -> b
    123:123:android.content.res.ColorStateList getSupportImageTintList() -> c
    137:137:android.graphics.PorterDuff$Mode getSupportImageTintMode() -> d
    103:110:boolean hasOverlappingRendering() -> e
    52:86:void loadFromAttributes(android.util.AttributeSet,int) -> f
    89:100:void setImageResource(int) -> g
    114:120:void setSupportImageTintList(android.content.res.ColorStateList) -> h
    127:134:void setSupportImageTintMode(android.graphics.PorterDuff$Mode) -> i
    178:190:boolean shouldApplyFrameworkTintUsingColorFilter() -> j
androidx.appcompat.widget.AppCompatImageView -> androidx.appcompat.widget.o:
    androidx.appcompat.widget.AppCompatImageHelper mImageHelper -> c
    androidx.appcompat.widget.AppCompatBackgroundHelper mBackgroundTintHelper -> b
    65:66:void <init>(android.content.Context) -> <init>
    69:70:void <init>(android.content.Context,android.util.AttributeSet) -> <init>
    74:83:void <init>(android.content.Context,android.util.AttributeSet,int) -> <init>
    256:263:void drawableStateChanged() -> drawableStateChanged
    166:167:android.content.res.ColorStateList getSupportBackgroundTintList() -> getSupportBackgroundTintList
    194:195:android.graphics.PorterDuff$Mode getSupportBackgroundTintMode() -> getSupportBackgroundTintMode
    222:223:android.content.res.ColorStateList getSupportImageTintList() -> getSupportImageTintList
    250:251:android.graphics.PorterDuff$Mode getSupportImageTintMode() -> getSupportImageTintMode
    267:267:boolean hasOverlappingRendering() -> hasOverlappingRendering
    136:140:void setBackgroundDrawable(android.graphics.drawable.Drawable) -> setBackgroundDrawable
    128:132:void setBackgroundResource(int) -> setBackgroundResource
    112:116:void setImageBitmap(android.graphics.Bitmap) -> setImageBitmap
    104:108:void setImageDrawable(android.graphics.drawable.Drawable) -> setImageDrawable
    96:100:void setImageResource(int) -> setImageResource
    120:124:void setImageURI(android.net.Uri) -> setImageURI
androidx.appcompat.widget.AppCompatMultiAutoCompleteTextView -> androidx.appcompat.widget.p:
    int[] TINT_ATTRS -> b
    androidx.appcompat.widget.AppCompatBackgroundHelper mBackgroundTintHelper -> c
    androidx.appcompat.widget.AppCompatTextHelper mTextHelper -> d
    56:56:void <clinit>() -> <clinit>
    69:70:void <init>(android.content.Context,android.util.AttributeSet) -> <init>
    74:91:void <init>(android.content.Context,android.util.AttributeSet,int) -> <init>
    172:179:void drawableStateChanged() -> drawableStateChanged
    138:139:android.content.res.ColorStateList getSupportBackgroundTintList() -> getSupportBackgroundTintList
    166:167:android.graphics.PorterDuff$Mode getSupportBackgroundTintMode() -> getSupportBackgroundTintMode
    191:191:android.view.inputmethod.InputConnection onCreateInputConnection(android.view.inputmethod.EditorInfo) -> onCreateInputConnection
    108:112:void setBackgroundDrawable(android.graphics.drawable.Drawable) -> setBackgroundDrawable
    100:104:void setBackgroundResource(int) -> setBackgroundResource
    95:96:void setDropDownBackgroundResource(int) -> setDropDownBackgroundResource
    123:126:void setSupportBackgroundTintList(android.content.res.ColorStateList) -> setSupportBackgroundTintList
    151:154:void setSupportBackgroundTintMode(android.graphics.PorterDuff$Mode) -> setSupportBackgroundTintMode
    183:187:void setTextAppearance(android.content.Context,int) -> setTextAppearance