app/build/outputs/mapping/debug/usage.txt
cn.jzvd.demo.ActivityApi:
    public void cpAssertVideoToLocalPath()
    public void verifyStoragePermissions()
cn.jzvd.demo.ActivityListViewRecyclerView$1:
    public void onChildViewAttachedToWindow(android.view.View)
cn.jzvd.demo.ActivityPreloadingList
cn.jzvd.demo.ActivityTinyWindowRecycleView$1:
    public void onChildViewAttachedToWindow(android.view.View)
cn.jzvd.demo.ActivityTinyWindowRecycleViewMultiHolder$1:
    public void onChildViewAttachedToWindow(android.view.View)
cn.jzvd.demo.ActivityTinyWindowRecycleViewMultiHolder$AdapterRecyclerView$TextHolder
cn.jzvd.demo.ActivityTinyWindowRecycleViewMultiHolder$AdapterRecyclerView$VideoHolder
cn.jzvd.demo.ActivityTinyWindowRecycleViewMultiHolder$AdapterRecyclerView:
    public int getItemViewType(int)
    public void onBindViewHolder(androidx.recyclerview.widget.RecyclerView$ViewHolder,int)
    public androidx.recyclerview.widget.RecyclerView$ViewHolder onCreateViewHolder(android.view.ViewGroup,int)
cn.jzvd.demo.AdapterListView:
    public static final java.lang.String TAG
cn.jzvd.demo.AdapterRecyclerView$MyViewHolder
cn.jzvd.demo.AdapterRecyclerView:
    public static final java.lang.String TAG
    public synthetic bridge void onBindViewHolder(androidx.recyclerview.widget.RecyclerView$ViewHolder,int)
    public void onBindViewHolder(cn.jzvd.demo.AdapterRecyclerView$MyViewHolder,int)
    public synthetic bridge androidx.recyclerview.widget.RecyclerView$ViewHolder onCreateViewHolder(android.view.ViewGroup,int)
    public cn.jzvd.demo.AdapterRecyclerView$MyViewHolder onCreateViewHolder(android.view.ViewGroup,int)
cn.jzvd.demo.AdapterRecyclerViewTiny$MyViewHolder
cn.jzvd.demo.AdapterRecyclerViewTiny:
    public static final java.lang.String TAG
    public synthetic bridge void onBindViewHolder(androidx.recyclerview.widget.RecyclerView$ViewHolder,int)
    public void onBindViewHolder(cn.jzvd.demo.AdapterRecyclerViewTiny$MyViewHolder,int)
    public synthetic bridge androidx.recyclerview.widget.RecyclerView$ViewHolder onCreateViewHolder(android.view.ViewGroup,int)
    public cn.jzvd.demo.AdapterRecyclerViewTiny$MyViewHolder onCreateViewHolder(android.view.ViewGroup,int)
cn.jzvd.demo.BuildConfig
cn.jzvd.demo.CustomJzvd.JzvdStdAutoCompleteAfterFullscreen:
    public void <init>(android.content.Context)
cn.jzvd.demo.CustomJzvd.JzvdStdList
cn.jzvd.demo.CustomJzvd.JzvdStdMp3:
    public void <init>(android.content.Context)
cn.jzvd.demo.CustomJzvd.JzvdStdShowShareButtonAfterFullscreen:
    public void <init>(android.content.Context)
cn.jzvd.demo.CustomJzvd.JzvdStdShowTextureViewAfterAutoComplete:
    public void <init>(android.content.Context)
cn.jzvd.demo.CustomJzvd.JzvdStdShowTitleAfterFullscreen:
    public void <init>(android.content.Context)
cn.jzvd.demo.CustomJzvd.JzvdStdSpeed:
    public void <init>(android.content.Context)
cn.jzvd.demo.CustomJzvd.JzvdStdTinyWindow:
    public void <init>(android.content.Context)
cn.jzvd.demo.CustomJzvd.JzvdStdVolumeAfterFullscreen:
    public void <init>(android.content.Context)
cn.jzvd.demo.CustomJzvd.MyJzvdStd:
    public void <init>(android.content.Context)
cn.jzvd.demo.CustomMedia.JZMediaExo:
    public void <init>(cn.jzvd.Jzvd)
    public void onShuffleModeEnabledChanged(boolean)
cn.jzvd.demo.R$anim
cn.jzvd.demo.R$attr
cn.jzvd.demo.R$bool
cn.jzvd.demo.R$color
cn.jzvd.demo.R$dimen
cn.jzvd.demo.R$drawable
cn.jzvd.demo.R$id
cn.jzvd.demo.R$integer
cn.jzvd.demo.R$interpolator
cn.jzvd.demo.R$layout
cn.jzvd.demo.R$mipmap
cn.jzvd.demo.R$string
cn.jzvd.demo.R$style
cn.jzvd.demo.R$styleable
cn.jzvd.demo.R$xml
cn.jzvd.demo.R
cn.jzvd.demo.VideoConstant:
    public void <init>()
cn.jzvd.demo.ActivityTinyWindowRecycleViewMultiHolder$AdapterRecyclerView:
    public int getItemCount()
cn.jzvd.demo.AdapterRecyclerView:
    public int getItemCount()
cn.jzvd.demo.AdapterRecyclerViewTiny:
    public int getItemCount()
...
androidx.constraintlayout.utils.widget.ImageFilterView
androidx.constraintlayout.utils.widget.MockView
androidx.constraintlayout.utils.widget.MotionTelltales
androidx.constraintlayout.widget.Barrier
androidx.constraintlayout.widget.ConstraintAttribute$1
androidx.constraintlayout.widget.ConstraintAttribute$AttributeType
androidx.constraintlayout.widget.ConstraintAttribute
androidx.constraintlayout.widget.ConstraintHelper
androidx.constraintlayout.widget.ConstraintLayout$1
androidx.constraintlayout.widget.ConstraintLayout$LayoutParams$Table
androidx.constraintlayout.widget.ConstraintLayout$LayoutParams
androidx.constraintlayout.widget.ConstraintLayout$Measurer
androidx.constraintlayout.widget.ConstraintLayout
androidx.constraintlayout.widget.ConstraintLayoutStates$State
androidx.constraintlayout.widget.ConstraintLayoutStates$Variant
androidx.constraintlayout.widget.ConstraintLayoutStates
androidx.constraintlayout.widget.ConstraintProperties
androidx.constraintlayout.widget.ConstraintSet$Constraint
androidx.constraintlayout.widget.ConstraintSet$Layout
androidx.constraintlayout.widget.ConstraintSet$Motion
androidx.constraintlayout.widget.ConstraintSet$PropertySet
androidx.constraintlayout.widget.ConstraintSet$Transform
androidx.constraintlayout.widget.ConstraintSet
androidx.constraintlayout.widget.Constraints$LayoutParams
androidx.constraintlayout.widget.Constraints
androidx.constraintlayout.widget.ConstraintsChangedListener
androidx.constraintlayout.widget.Group
androidx.constraintlayout.widget.Guideline
androidx.constraintlayout.widget.Placeholder
androidx.constraintlayout.widget.R$anim
androidx.constraintlayout.widget.R$attr
androidx.constraintlayout.widget.R$bool
androidx.constraintlayout.widget.R$color
androidx.constraintlayout.widget.R$dimen
androidx.constraintlayout.widget.R$drawable
androidx.constraintlayout.widget.R$id
androidx.constraintlayout.widget.R$integer
androidx.constraintlayout.widget.R$interpolator
androidx.constraintlayout.widget.R$layout
androidx.constraintlayout.widget.R$string
androidx.constraintlayout.widget.R$style
androidx.constraintlayout.widget.R$styleable
androidx.constraintlayout.widget.R
androidx.constraintlayout.widget.StateSet$State
androidx.constraintlayout.widget.StateSet$Variant
androidx.constraintlayout.widget.StateSet
androidx.constraintlayout.widget.VirtualLayout
androidx.core.R$attr:
    public static final int font
    public static final int fontProviderAuthority
    public static final int fontProviderCerts
    public static final int fontProviderFetchStrategy
    public static final int fontProviderFetchTimeout
    public static final int fontProviderPackage
    public static final int fontProviderQuery
    public static final int fontStyle
    public static final int fontVariationSettings
    public static final int fontWeight
    public static final int ttcIndex
    private void <init>()
androidx.core.R$color
androidx.core.R$dimen
androidx.core.R$drawable